<?xml version="1.0" encoding="UTF-8"?>
<testsuite xmlns:xsi="http://www.w3.org/2001/XMLSchema-instance" xsi:noNamespaceSchemaLocation="https://maven.apache.org/surefire/maven-surefire-plugin/xsd/surefire-test-report-3.0.xsd" version="3.0" name="TestSuite" time="174.248" tests="9" errors="0" skipped="0" failures="3">
  <properties>
    <property name="sun.desktop" value="windows"/>
    <property name="awt.toolkit" value="sun.awt.windows.WToolkit"/>
    <property name="surefire.suiteXmlFiles" value="${surefire.suiteXml.Files}"/>
    <property name="java.specification.version" value="1.8"/>
    <property name="file.encoding.pkg" value="sun.io"/>
    <property name="webdriver.chrome.driver" value="C:\Users\дом\.cache\selenium\chromedriver\win32\102.0.5005.61\chromedriver.exe"/>
    <property name="sun.cpu.isalist" value="amd64"/>
    <property name="sun.jnu.encoding" value="Cp1251"/>
    <property name="java.class.path" value="C:\Users\дом\Prestashop\target\test-classes;C:\Users\дом\Prestashop\target\classes;C:\Users\дом\.m2\repository\org\testng\testng\7.0.0\testng-7.0.0.jar;C:\Users\дом\.m2\repository\com\beust\jcommander\1.72\jcommander-1.72.jar;C:\Users\дом\.m2\repository\org\seleniumhq\selenium\selenium-java\3.141.59\selenium-java-3.141.59.jar;C:\Users\дом\.m2\repository\org\seleniumhq\selenium\selenium-api\3.141.59\selenium-api-3.141.59.jar;C:\Users\дом\.m2\repository\org\seleniumhq\selenium\selenium-chrome-driver\3.141.59\selenium-chrome-driver-3.141.59.jar;C:\Users\дом\.m2\repository\org\seleniumhq\selenium\selenium-edge-driver\3.141.59\selenium-edge-driver-3.141.59.jar;C:\Users\дом\.m2\repository\org\seleniumhq\selenium\selenium-firefox-driver\3.141.59\selenium-firefox-driver-3.141.59.jar;C:\Users\дом\.m2\repository\org\seleniumhq\selenium\selenium-ie-driver\3.141.59\selenium-ie-driver-3.141.59.jar;C:\Users\дом\.m2\repository\org\seleniumhq\selenium\selenium-opera-driver\3.141.59\selenium-opera-driver-3.141.59.jar;C:\Users\дом\.m2\repository\org\seleniumhq\selenium\selenium-remote-driver\3.141.59\selenium-remote-driver-3.141.59.jar;C:\Users\дом\.m2\repository\org\seleniumhq\selenium\selenium-safari-driver\3.141.59\selenium-safari-driver-3.141.59.jar;C:\Users\дом\.m2\repository\org\seleniumhq\selenium\selenium-support\3.141.59\selenium-support-3.141.59.jar;C:\Users\дом\.m2\repository\net\bytebuddy\byte-buddy\1.8.15\byte-buddy-1.8.15.jar;C:\Users\дом\.m2\repository\org\apache\commons\commons-exec\1.3\commons-exec-1.3.jar;C:\Users\дом\.m2\repository\com\google\guava\guava\25.0-jre\guava-25.0-jre.jar;C:\Users\дом\.m2\repository\com\google\code\findbugs\jsr305\1.3.9\jsr305-1.3.9.jar;C:\Users\дом\.m2\repository\org\checkerframework\checker-compat-qual\2.0.0\checker-compat-qual-2.0.0.jar;C:\Users\дом\.m2\repository\com\google\errorprone\error_prone_annotations\2.1.3\error_prone_annotations-2.1.3.jar;C:\Users\дом\.m2\repository\com\google\j2objc\j2objc-annotations\1.1\j2objc-annotations-1.1.jar;C:\Users\дом\.m2\repository\org\codehaus\mojo\animal-sniffer-annotations\1.14\animal-sniffer-annotations-1.14.jar;C:\Users\дом\.m2\repository\com\squareup\okhttp3\okhttp\3.11.0\okhttp-3.11.0.jar;C:\Users\дом\.m2\repository\com\squareup\okio\okio\1.14.0\okio-1.14.0.jar;C:\Users\дом\.m2\repository\io\github\bonigarcia\webdrivermanager\5.1.0\webdrivermanager-5.1.0.jar;C:\Users\дом\.m2\repository\org\slf4j\slf4j-api\1.7.36\slf4j-api-1.7.36.jar;C:\Users\дом\.m2\repository\com\google\code\gson\gson\2.9.0\gson-2.9.0.jar;C:\Users\дом\.m2\repository\com\github\docker-java\docker-java\3.2.13\docker-java-3.2.13.jar;C:\Users\дом\.m2\repository\com\github\docker-java\docker-java-core\3.2.13\docker-java-core-3.2.13.jar;C:\Users\дом\.m2\repository\com\github\docker-java\docker-java-api\3.2.13\docker-java-api-3.2.13.jar;C:\Users\дом\.m2\repository\org\apache\commons\commons-compress\1.21\commons-compress-1.21.jar;C:\Users\дом\.m2\repository\org\bouncycastle\bcpkix-jdk15on\1.64\bcpkix-jdk15on-1.64.jar;C:\Users\дом\.m2\repository\org\bouncycastle\bcprov-jdk15on\1.64\bcprov-jdk15on-1.64.jar;C:\Users\дом\.m2\repository\org\slf4j\jcl-over-slf4j\1.7.30\jcl-over-slf4j-1.7.30.jar;C:\Users\дом\.m2\repository\com\github\docker-java\docker-java-transport-httpclient5\3.2.13\docker-java-transport-httpclient5-3.2.13.jar;C:\Users\дом\.m2\repository\com\github\docker-java\docker-java-transport\3.2.13\docker-java-transport-3.2.13.jar;C:\Users\дом\.m2\repository\org\apache\httpcomponents\client5\httpclient5\5.0.3\httpclient5-5.0.3.jar;C:\Users\дом\.m2\repository\org\apache\httpcomponents\core5\httpcore5\5.0.2\httpcore5-5.0.2.jar;C:\Users\дом\.m2\repository\net\java\dev\jna\jna\5.8.0\jna-5.8.0.jar;C:\Users\дом\.m2\repository\org\brotli\dec\0.1.2\dec-0.1.2.jar;C:\Users\дом\.m2\repository\org\apache\commons\commons-lang3\3.12.0\commons-lang3-3.12.0.jar;C:\Users\дом\.m2\repository\io\qameta\allure\allure-testng\2.7.0\allure-testng-2.7.0.jar;C:\Users\дом\.m2\repository\io\qameta\allure\allure-descriptions-javadoc\2.7.0\allure-descriptions-javadoc-2.7.0.jar;C:\Users\дом\.m2\repository\commons-io\commons-io\2.6\commons-io-2.6.jar;C:\Users\дом\.m2\repository\io\qameta\allure\allure-java-commons\2.7.0\allure-java-commons-2.7.0.jar;C:\Users\дом\.m2\repository\io\qameta\allure\allure2-model-api\1.0.0\allure2-model-api-1.0.0.jar;C:\Users\дом\.m2\repository\io\qameta\allure\allure2-model-pojo\1.0.0\allure2-model-pojo-1.0.0.jar;C:\Users\дом\.m2\repository\org\apache\tika\tika-core\1.14\tika-core-1.14.jar;C:\Users\дом\.m2\repository\io\qameta\allure\allure2-model-jackson\1.0.0\allure2-model-jackson-1.0.0.jar;C:\Users\дом\.m2\repository\com\fasterxml\jackson\module\jackson-module-jaxb-annotations\2.7.0\jackson-module-jaxb-annotations-2.7.0.jar;C:\Users\дом\.m2\repository\org\aspectj\aspectjrt\1.9.1\aspectjrt-1.9.1.jar;C:\Users\дом\.m2\repository\org\jooq\joor-java-8\0.9.9\joor-java-8-0.9.9.jar;C:\Users\дом\.m2\repository\org\aspectj\aspectjweaver\1.9.6\aspectjweaver-1.9.6.jar;C:\Users\дом\.m2\repository\org\apache\logging\log4j\log4j-core\2.17.2\log4j-core-2.17.2.jar;C:\Users\дом\.m2\repository\org\apache\logging\log4j\log4j-api\2.17.2\log4j-api-2.17.2.jar;C:\Users\дом\.m2\repository\com\fasterxml\jackson\dataformat\jackson-dataformat-yaml\2.13.2\jackson-dataformat-yaml-2.13.2.jar;C:\Users\дом\.m2\repository\com\fasterxml\jackson\core\jackson-databind\2.13.2\jackson-databind-2.13.2.jar;C:\Users\дом\.m2\repository\com\fasterxml\jackson\core\jackson-annotations\2.13.2\jackson-annotations-2.13.2.jar;C:\Users\дом\.m2\repository\org\yaml\snakeyaml\1.30\snakeyaml-1.30.jar;C:\Users\дом\.m2\repository\com\fasterxml\jackson\core\jackson-core\2.13.2\jackson-core-2.13.2.jar;C:\Users\дом\.m2\repository\org\slf4j\slf4j-reload4j\1.7.35\slf4j-reload4j-1.7.35.jar;C:\Users\дом\.m2\repository\ch\qos\reload4j\reload4j\1.2.18.3\reload4j-1.2.18.3.jar;C:\Users\дом\.m2\repository\io\rest-assured\rest-assured\4.4.0\rest-assured-4.4.0.jar;C:\Users\дом\.m2\repository\org\codehaus\groovy\groovy\3.0.8\groovy-3.0.8.jar;C:\Users\дом\.m2\repository\org\codehaus\groovy\groovy-xml\3.0.8\groovy-xml-3.0.8.jar;C:\Users\дом\.m2\repository\org\apache\httpcomponents\httpclient\4.5.13\httpclient-4.5.13.jar;C:\Users\дом\.m2\repository\org\apache\httpcomponents\httpcore\4.4.13\httpcore-4.4.13.jar;C:\Users\дом\.m2\repository\commons-logging\commons-logging\1.2\commons-logging-1.2.jar;C:\Users\дом\.m2\repository\commons-codec\commons-codec\1.11\commons-codec-1.11.jar;C:\Users\дом\.m2\repository\org\apache\httpcomponents\httpmime\4.5.13\httpmime-4.5.13.jar;C:\Users\дом\.m2\repository\org\hamcrest\hamcrest\2.1\hamcrest-2.1.jar;C:\Users\дом\.m2\repository\org\ccil\cowan\tagsoup\tagsoup\1.2.1\tagsoup-1.2.1.jar;C:\Users\дом\.m2\repository\io\rest-assured\json-path\4.4.0\json-path-4.4.0.jar;C:\Users\дом\.m2\repository\org\codehaus\groovy\groovy-json\3.0.8\groovy-json-3.0.8.jar;C:\Users\дом\.m2\repository\io\rest-assured\rest-assured-common\4.4.0\rest-assured-common-4.4.0.jar;C:\Users\дом\.m2\repository\io\rest-assured\xml-path\4.4.0\xml-path-4.4.0.jar;C:\Users\дом\.m2\repository\jakarta\xml\bind\jakarta.xml.bind-api\2.3.3\jakarta.xml.bind-api-2.3.3.jar;C:\Users\дом\.m2\repository\jakarta\activation\jakarta.activation-api\1.2.2\jakarta.activation-api-1.2.2.jar;C:\Users\дом\.m2\repository\com\sun\xml\bind\jaxb-impl\2.3.3\jaxb-impl-2.3.3.jar;C:\Users\дом\.m2\repository\org\projectlombok\lombok\1.18.22\lombok-1.18.22.jar;"/>
    <property name="java.vm.vendor" value="Oracle Corporation"/>
    <property name="sun.arch.data.model" value="64"/>
    <property name="user.variant" value=""/>
    <property name="java.vendor.url" value="http://java.oracle.com/"/>
    <property name="user.timezone" value="Europe/Helsinki"/>
    <property name="java.vm.specification.version" value="1.8"/>
    <property name="os.name" value="Windows 7"/>
    <property name="user.country" value="RU"/>
    <property name="sun.java.launcher" value="SUN_STANDARD"/>
    <property name="sun.boot.library.path" value="C:\Program Files\Java\jdk1.8.0_333\jre\bin"/>
    <property name="sun.java.command" value="C:\Users\дом\AppData\Local\Temp\surefire2775534742754624097\surefirebooter8915861507602072290.jar C:\Users\дом\AppData\Local\Temp\surefire2775534742754624097 2022-06-19T17-34-20_559-jvmRun1 surefire2983983559429770134tmp surefire_0651241725114317062tmp"/>
    <property name="surefire.test.class.path" value="C:\Users\дом\Prestashop\target\test-classes;C:\Users\дом\Prestashop\target\classes;C:\Users\дом\.m2\repository\org\testng\testng\7.0.0\testng-7.0.0.jar;C:\Users\дом\.m2\repository\com\beust\jcommander\1.72\jcommander-1.72.jar;C:\Users\дом\.m2\repository\org\seleniumhq\selenium\selenium-java\3.141.59\selenium-java-3.141.59.jar;C:\Users\дом\.m2\repository\org\seleniumhq\selenium\selenium-api\3.141.59\selenium-api-3.141.59.jar;C:\Users\дом\.m2\repository\org\seleniumhq\selenium\selenium-chrome-driver\3.141.59\selenium-chrome-driver-3.141.59.jar;C:\Users\дом\.m2\repository\org\seleniumhq\selenium\selenium-edge-driver\3.141.59\selenium-edge-driver-3.141.59.jar;C:\Users\дом\.m2\repository\org\seleniumhq\selenium\selenium-firefox-driver\3.141.59\selenium-firefox-driver-3.141.59.jar;C:\Users\дом\.m2\repository\org\seleniumhq\selenium\selenium-ie-driver\3.141.59\selenium-ie-driver-3.141.59.jar;C:\Users\дом\.m2\repository\org\seleniumhq\selenium\selenium-opera-driver\3.141.59\selenium-opera-driver-3.141.59.jar;C:\Users\дом\.m2\repository\org\seleniumhq\selenium\selenium-remote-driver\3.141.59\selenium-remote-driver-3.141.59.jar;C:\Users\дом\.m2\repository\org\seleniumhq\selenium\selenium-safari-driver\3.141.59\selenium-safari-driver-3.141.59.jar;C:\Users\дом\.m2\repository\org\seleniumhq\selenium\selenium-support\3.141.59\selenium-support-3.141.59.jar;C:\Users\дом\.m2\repository\net\bytebuddy\byte-buddy\1.8.15\byte-buddy-1.8.15.jar;C:\Users\дом\.m2\repository\org\apache\commons\commons-exec\1.3\commons-exec-1.3.jar;C:\Users\дом\.m2\repository\com\google\guava\guava\25.0-jre\guava-25.0-jre.jar;C:\Users\дом\.m2\repository\com\google\code\findbugs\jsr305\1.3.9\jsr305-1.3.9.jar;C:\Users\дом\.m2\repository\org\checkerframework\checker-compat-qual\2.0.0\checker-compat-qual-2.0.0.jar;C:\Users\дом\.m2\repository\com\google\errorprone\error_prone_annotations\2.1.3\error_prone_annotations-2.1.3.jar;C:\Users\дом\.m2\repository\com\google\j2objc\j2objc-annotations\1.1\j2objc-annotations-1.1.jar;C:\Users\дом\.m2\repository\org\codehaus\mojo\animal-sniffer-annotations\1.14\animal-sniffer-annotations-1.14.jar;C:\Users\дом\.m2\repository\com\squareup\okhttp3\okhttp\3.11.0\okhttp-3.11.0.jar;C:\Users\дом\.m2\repository\com\squareup\okio\okio\1.14.0\okio-1.14.0.jar;C:\Users\дом\.m2\repository\io\github\bonigarcia\webdrivermanager\5.1.0\webdrivermanager-5.1.0.jar;C:\Users\дом\.m2\repository\org\slf4j\slf4j-api\1.7.36\slf4j-api-1.7.36.jar;C:\Users\дом\.m2\repository\com\google\code\gson\gson\2.9.0\gson-2.9.0.jar;C:\Users\дом\.m2\repository\com\github\docker-java\docker-java\3.2.13\docker-java-3.2.13.jar;C:\Users\дом\.m2\repository\com\github\docker-java\docker-java-core\3.2.13\docker-java-core-3.2.13.jar;C:\Users\дом\.m2\repository\com\github\docker-java\docker-java-api\3.2.13\docker-java-api-3.2.13.jar;C:\Users\дом\.m2\repository\org\apache\commons\commons-compress\1.21\commons-compress-1.21.jar;C:\Users\дом\.m2\repository\org\bouncycastle\bcpkix-jdk15on\1.64\bcpkix-jdk15on-1.64.jar;C:\Users\дом\.m2\repository\org\bouncycastle\bcprov-jdk15on\1.64\bcprov-jdk15on-1.64.jar;C:\Users\дом\.m2\repository\org\slf4j\jcl-over-slf4j\1.7.30\jcl-over-slf4j-1.7.30.jar;C:\Users\дом\.m2\repository\com\github\docker-java\docker-java-transport-httpclient5\3.2.13\docker-java-transport-httpclient5-3.2.13.jar;C:\Users\дом\.m2\repository\com\github\docker-java\docker-java-transport\3.2.13\docker-java-transport-3.2.13.jar;C:\Users\дом\.m2\repository\org\apache\httpcomponents\client5\httpclient5\5.0.3\httpclient5-5.0.3.jar;C:\Users\дом\.m2\repository\org\apache\httpcomponents\core5\httpcore5\5.0.2\httpcore5-5.0.2.jar;C:\Users\дом\.m2\repository\net\java\dev\jna\jna\5.8.0\jna-5.8.0.jar;C:\Users\дом\.m2\repository\org\brotli\dec\0.1.2\dec-0.1.2.jar;C:\Users\дом\.m2\repository\org\apache\commons\commons-lang3\3.12.0\commons-lang3-3.12.0.jar;C:\Users\дом\.m2\repository\io\qameta\allure\allure-testng\2.7.0\allure-testng-2.7.0.jar;C:\Users\дом\.m2\repository\io\qameta\allure\allure-descriptions-javadoc\2.7.0\allure-descriptions-javadoc-2.7.0.jar;C:\Users\дом\.m2\repository\commons-io\commons-io\2.6\commons-io-2.6.jar;C:\Users\дом\.m2\repository\io\qameta\allure\allure-java-commons\2.7.0\allure-java-commons-2.7.0.jar;C:\Users\дом\.m2\repository\io\qameta\allure\allure2-model-api\1.0.0\allure2-model-api-1.0.0.jar;C:\Users\дом\.m2\repository\io\qameta\allure\allure2-model-pojo\1.0.0\allure2-model-pojo-1.0.0.jar;C:\Users\дом\.m2\repository\org\apache\tika\tika-core\1.14\tika-core-1.14.jar;C:\Users\дом\.m2\repository\io\qameta\allure\allure2-model-jackson\1.0.0\allure2-model-jackson-1.0.0.jar;C:\Users\дом\.m2\repository\com\fasterxml\jackson\module\jackson-module-jaxb-annotations\2.7.0\jackson-module-jaxb-annotations-2.7.0.jar;C:\Users\дом\.m2\repository\org\aspectj\aspectjrt\1.9.1\aspectjrt-1.9.1.jar;C:\Users\дом\.m2\repository\org\jooq\joor-java-8\0.9.9\joor-java-8-0.9.9.jar;C:\Users\дом\.m2\repository\org\aspectj\aspectjweaver\1.9.6\aspectjweaver-1.9.6.jar;C:\Users\дом\.m2\repository\org\apache\logging\log4j\log4j-core\2.17.2\log4j-core-2.17.2.jar;C:\Users\дом\.m2\repository\org\apache\logging\log4j\log4j-api\2.17.2\log4j-api-2.17.2.jar;C:\Users\дом\.m2\repository\com\fasterxml\jackson\dataformat\jackson-dataformat-yaml\2.13.2\jackson-dataformat-yaml-2.13.2.jar;C:\Users\дом\.m2\repository\com\fasterxml\jackson\core\jackson-databind\2.13.2\jackson-databind-2.13.2.jar;C:\Users\дом\.m2\repository\com\fasterxml\jackson\core\jackson-annotations\2.13.2\jackson-annotations-2.13.2.jar;C:\Users\дом\.m2\repository\org\yaml\snakeyaml\1.30\snakeyaml-1.30.jar;C:\Users\дом\.m2\repository\com\fasterxml\jackson\core\jackson-core\2.13.2\jackson-core-2.13.2.jar;C:\Users\дом\.m2\repository\org\slf4j\slf4j-reload4j\1.7.35\slf4j-reload4j-1.7.35.jar;C:\Users\дом\.m2\repository\ch\qos\reload4j\reload4j\1.2.18.3\reload4j-1.2.18.3.jar;C:\Users\дом\.m2\repository\io\rest-assured\rest-assured\4.4.0\rest-assured-4.4.0.jar;C:\Users\дом\.m2\repository\org\codehaus\groovy\groovy\3.0.8\groovy-3.0.8.jar;C:\Users\дом\.m2\repository\org\codehaus\groovy\groovy-xml\3.0.8\groovy-xml-3.0.8.jar;C:\Users\дом\.m2\repository\org\apache\httpcomponents\httpclient\4.5.13\httpclient-4.5.13.jar;C:\Users\дом\.m2\repository\org\apache\httpcomponents\httpcore\4.4.13\httpcore-4.4.13.jar;C:\Users\дом\.m2\repository\commons-logging\commons-logging\1.2\commons-logging-1.2.jar;C:\Users\дом\.m2\repository\commons-codec\commons-codec\1.11\commons-codec-1.11.jar;C:\Users\дом\.m2\repository\org\apache\httpcomponents\httpmime\4.5.13\httpmime-4.5.13.jar;C:\Users\дом\.m2\repository\org\hamcrest\hamcrest\2.1\hamcrest-2.1.jar;C:\Users\дом\.m2\repository\org\ccil\cowan\tagsoup\tagsoup\1.2.1\tagsoup-1.2.1.jar;C:\Users\дом\.m2\repository\io\rest-assured\json-path\4.4.0\json-path-4.4.0.jar;C:\Users\дом\.m2\repository\org\codehaus\groovy\groovy-json\3.0.8\groovy-json-3.0.8.jar;C:\Users\дом\.m2\repository\io\rest-assured\rest-assured-common\4.4.0\rest-assured-common-4.4.0.jar;C:\Users\дом\.m2\repository\io\rest-assured\xml-path\4.4.0\xml-path-4.4.0.jar;C:\Users\дом\.m2\repository\jakarta\xml\bind\jakarta.xml.bind-api\2.3.3\jakarta.xml.bind-api-2.3.3.jar;C:\Users\дом\.m2\repository\jakarta\activation\jakarta.activation-api\1.2.2\jakarta.activation-api-1.2.2.jar;C:\Users\дом\.m2\repository\com\sun\xml\bind\jaxb-impl\2.3.3\jaxb-impl-2.3.3.jar;C:\Users\дом\.m2\repository\org\projectlombok\lombok\1.18.22\lombok-1.18.22.jar;"/>
    <property name="sun.cpu.endian" value="little"/>
    <property name="user.home" value="C:\Users\дом"/>
    <property name="user.language" value="ru"/>
    <property name="java.specification.vendor" value="Oracle Corporation"/>
    <property name="java.home" value="C:\Program Files\Java\jdk1.8.0_333\jre"/>
    <property name="basedir" value="C:\Users\дом\Prestashop"/>
    <property name="file.separator" value="\"/>
    <property name="line.separator" value="&#10;"/>
    <property name="java.vm.specification.vendor" value="Oracle Corporation"/>
    <property name="java.specification.name" value="Java Platform API Specification"/>
    <property name="java.awt.graphicsenv" value="sun.awt.Win32GraphicsEnvironment"/>
    <property name="surefire.real.class.path" value="C:\Users\дом\AppData\Local\Temp\surefire2775534742754624097\surefirebooter8915861507602072290.jar;C:\Users\дом\.m2\repository/org/aspectj/aspectjweaver/1.9.6/aspectjweaver-1.9.6.jar"/>
    <property name="sun.boot.class.path" value="C:\Program Files\Java\jdk1.8.0_333\jre\lib\resources.jar;C:\Program Files\Java\jdk1.8.0_333\jre\lib\rt.jar;C:\Program Files\Java\jdk1.8.0_333\jre\lib\sunrsasign.jar;C:\Program Files\Java\jdk1.8.0_333\jre\lib\jsse.jar;C:\Program Files\Java\jdk1.8.0_333\jre\lib\jce.jar;C:\Program Files\Java\jdk1.8.0_333\jre\lib\charsets.jar;C:\Program Files\Java\jdk1.8.0_333\jre\lib\jfr.jar;C:\Program Files\Java\jdk1.8.0_333\jre\classes"/>
    <property name="user.script" value=""/>
    <property name="sun.management.compiler" value="HotSpot 64-Bit Tiered Compilers"/>
    <property name="java.runtime.version" value="1.8.0_333-b02"/>
    <property name="user.name" value="дом"/>
    <property name="path.separator" value=";"/>
    <property name="os.version" value="6.1"/>
    <property name="java.endorsed.dirs" value="C:\Program Files\Java\jdk1.8.0_333\jre\lib\endorsed"/>
    <property name="java.runtime.name" value="Java(TM) SE Runtime Environment"/>
    <property name="file.encoding" value="Cp1251"/>
    <property name="browser" value="${browser}"/>
    <property name="java.vm.name" value="Java HotSpot(TM) 64-Bit Server VM"/>
    <property name="localRepository" value="C:\Users\дом\.m2\repository"/>
    <property name="java.vendor.url.bug" value="http://bugreport.sun.com/bugreport/"/>
    <property name="java.io.tmpdir" value="C:\Users\BD18~1\AppData\Local\Temp\"/>
    <property name="idea.version" value="2021.3.3"/>
    <property name="java.version" value="1.8.0_333"/>
    <property name="user.dir" value="C:\Users\дом\Prestashop"/>
    <property name="os.arch" value="amd64"/>
    <property name="java.vm.specification.name" value="Java Virtual Machine Specification"/>
    <property name="java.awt.printerjob" value="sun.awt.windows.WPrinterJob"/>
    <property name="sun.os.patch.level" value="Service Pack 1"/>
    <property name="java.library.path" value="C:\Program Files\Java\jdk1.8.0_333\jre\bin;C:\Windows\Sun\Java\bin;C:\Windows\system32;C:\Windows;C:\Program Files (x86)\Common Files\Oracle\Java\javapath;C:\apache-maven-3.8.5\bin;C:\Program Files\Git\cmd;C:\Program Files (x86)\MySQL\MySQL Server 5.5\bin;C:\Program Files\Java\jdk1.8.0_333\bin;C:\apache-maven-3.8.5\bin;."/>
    <property name="java.vm.info" value="mixed mode"/>
    <property name="java.vendor" value="Oracle Corporation"/>
    <property name="java.vm.version" value="25.333-b02"/>
    <property name="java.ext.dirs" value="C:\Program Files\Java\jdk1.8.0_333\jre\lib\ext;C:\Windows\Sun\Java\lib\ext"/>
    <property name="sun.io.unicode.encoding" value="UnicodeLittle"/>
    <property name="java.class.version" value="52.0"/>
  </properties>
  <testcase name="createAddressTest" classname="org.tms.test.AddressPageTest" time="27.523">
    <failure message="Expected condition failed: waiting for visibility of Proxy element for: DefaultElementLocator &apos;By.xpath: //h3[@class=&apos;page-subheading&apos;]&apos; (tried for 15 second(s) with 500 milliseconds interval)" type="org.openqa.selenium.TimeoutException"><![CDATA[org.openqa.selenium.TimeoutException: Expected condition failed: waiting for visibility of Proxy element for: DefaultElementLocator 'By.xpath: //h3[@class='page-subheading']' (tried for 15 second(s) with 500 milliseconds interval)
	at org.tms.test.AddressPageTest.createAddressTest(AddressPageTest.java:20)
Caused by: org.openqa.selenium.NoSuchElementException: 
no such element: Unable to locate element: {"method":"xpath","selector":"//h3[@class='page-subheading']"}
  (Session info: chrome=102.0.5005.115)
For documentation on this error, please visit: https://www.seleniumhq.org/exceptions/no_such_element.html
Build info: version: '3.141.59', revision: 'e82be7d358', time: '2018-11-14T08:17:03'
System info: host: 'WIN-L3KRA4BUOOR', ip: '192.168.0.103', os.name: 'Windows 7', os.arch: 'amd64', os.version: '6.1', java.version: '1.8.0_333'
Driver info: org.openqa.selenium.chrome.ChromeDriver
Capabilities {acceptInsecureCerts: false, browserName: chrome, browserVersion: 102.0.5005.115, chrome: {chromedriverVersion: 102.0.5005.61 (0e59bcc00cc4..., userDataDir: C:\Users\BD18~1\AppData\Loc...}, goog:chromeOptions: {debuggerAddress: localhost:51695}, javascriptEnabled: true, networkConnectionEnabled: false, pageLoadStrategy: normal, platform: WINDOWS, platformName: WINDOWS, proxy: Proxy(), setWindowRect: true, strictFileInteractability: false, timeouts: {implicit: 0, pageLoad: 300000, script: 30000}, unhandledPromptBehavior: dismiss and notify, webauthn:extension:credBlob: true, webauthn:extension:largeBlob: true, webauthn:virtualAuthenticators: true}
Session ID: 9f9cb790b70cf605471ff736b90854d1
*** Element info: {Using=xpath, value=//h3[@class='page-subheading']}
	at org.tms.test.AddressPageTest.createAddressTest(AddressPageTest.java:20)
]]></failure>
    <system-out><![CDATA[======================================== STARTING TEST createAddressTest ========================================
2022-06-19 17:34:56.700 INFO [main] [org.tms.page.LoginPage] - Opening page by URL
2022-06-19 17:34:59.687 INFO [main] [org.tms.page.LoginPage] - Entering email address
2022-06-19 17:35:00.589 INFO [main] [org.tms.page.LoginPage] - Entering  password
2022-06-19 17:35:00.896 INFO [main] [org.tms.page.LoginPage] - Clicking the sing in button
2022-06-19 17:35:02.196 INFO [main] [org.tms.page.AddressPage] - Open address page by URL
2022-06-19 17:35:03.270 INFO [main] [org.tms.page.AddressPage] - Entering a name
2022-06-19 17:35:03.798 INFO [main] [org.tms.page.AddressPage] - Entering a last name
2022-06-19 17:35:03.975 INFO [main] [org.tms.page.AddressPage] - Entering an address
2022-06-19 17:35:04.140 INFO [main] [org.tms.page.AddressPage] - Entering a zip code
2022-06-19 17:35:04.445 INFO [main] [org.tms.page.AddressPage] - Entering a name of the city
2022-06-19 17:35:04.638 INFO [main] [org.tms.page.AddressPage] - Choosing a country
2022-06-19 17:35:05.346 INFO [main] [org.tms.page.AddressPage] - Entering a home phone
2022-06-19 17:35:05.613 INFO [main] [org.tms.page.AddressPage] - Choosing a state
2022-06-19 17:35:06.046 INFO [main] [org.tms.page.AddressPage] - Entering a title of address
2022-06-19 17:35:06.308 INFO [main] [org.tms.page.AddressPage] - Clicking on the save button
2022-06-19 17:35:07.487 INFO [main] [org.tms.page.AddressPage] - Getting a text of name of address
======================================== FAILED TEST createAddressTest Duration: 26s ========================================
]]></system-out>
    <system-err><![CDATA[log4j:WARN No appenders could be found for logger (io.github.bonigarcia.wdm.cache.ResolutionCache).
log4j:WARN Please initialize the log4j system properly.
log4j:WARN See http://logging.apache.org/log4j/1.2/faq.html#noconfig for more info.
Starting ChromeDriver 102.0.5005.61 (0e59bcc00cc4985ce39ad31c150065f159d95ad3-refs/branch-heads/5005@{#819}) on port 16138
Only local connections are allowed.
Please see https://chromedriver.chromium.org/security-considerations for suggestions on keeping ChromeDriver safe.
ChromeDriver was started successfully.
июн 19, 2022 5:34:44 PM org.openqa.selenium.remote.ProtocolHandshake createSession
INFO: Detected dialect: W3C
]]></system-err>
  </testcase>
  <testcase name="deleteAddressTest" classname="org.tms.test.AddressPageTest" time="3.543">
    <system-out><![CDATA[======================================== STARTING TEST deleteAddressTest ========================================
2022-06-19 17:35:24.104 INFO [main] [org.tms.page.AddressPage] - Open address page by URL
2022-06-19 17:35:25.118 INFO [main] [org.tms.page.AddressPage] - Clicking on the delete address button
2022-06-19 17:35:25.504 INFO [main] [org.tms.page.AddressPage] - Getting text from the button (for assert)
2022-06-19 17:35:26.604 INFO [main] [org.tms.page.AddressPage] - Clicking on the logout button
======================================== FINISHED TEST deleteAddressTest Duration: 3s ========================================
]]></system-out>
  </testcase>
  <testcase name="addItemToCartTest" classname="org.tms.test.CartPageTest" time="9.113">
    <system-out><![CDATA[======================================== STARTING TEST addItemToCartTest ========================================
2022-06-19 17:35:35.996 INFO [main] [org.tms.page.LoginPage] - Opening page by URL
2022-06-19 17:35:38.296 INFO [main] [org.tms.page.LoginPage] - Entering email address
2022-06-19 17:35:38.538 INFO [main] [org.tms.page.LoginPage] - Entering  password
2022-06-19 17:35:38.888 INFO [main] [org.tms.page.LoginPage] - Clicking the sing in button
2022-06-19 17:35:40.065 INFO [main] [org.tms.page.MyAccountPage] - Clicking button title Women
2022-06-19 17:35:41.718 INFO [main] [org.tms.page.WomenPage] - Clicking on the add to the cart button
2022-06-19 17:35:42.328 INFO [main] [org.tms.page.WomenPage] - Clicking on the continue to shopping button
2022-06-19 17:35:43.019 INFO [main] [org.tms.page.WomenPage] - Clicking on the cart button
2022-06-19 17:35:44.116 INFO [main] [org.tms.page.CartPage] - GetTing the Product description In the Shopping Cart
2022-06-19 17:35:44.165 INFO [main] [org.tms.page.CartPage] - Clicking on the logout button
======================================== FINISHED TEST addItemToCartTest Duration: 9s ========================================
]]></system-out>
    <system-err><![CDATA[Starting ChromeDriver 102.0.5005.61 (0e59bcc00cc4985ce39ad31c150065f159d95ad3-refs/branch-heads/5005@{#819}) on port 27051
Only local connections are allowed.
Please see https://chromedriver.chromium.org/security-considerations for suggestions on keeping ChromeDriver safe.
ChromeDriver was started successfully.
июн 19, 2022 5:35:35 PM org.openqa.selenium.remote.ProtocolHandshake createSession
INFO: Detected dialect: W3C
]]></system-err>
  </testcase>
  <testcase name="changeTheLanguageOnTheWebsiteTest" classname="org.tms.test.ChangeCurrencyPageTest" time="5.867">
    <system-out><![CDATA[======================================== STARTING TEST changeTheLanguageOnTheWebsiteTest ========================================
2022-06-19 17:35:58.611 INFO [main] [org.tms.page.LoginPage] - Opening page by URL
2022-06-19 17:35:59.916 INFO [main] [org.tms.page.LoginPage] - Entering email address
2022-06-19 17:36:00.123 INFO [main] [org.tms.page.LoginPage] - Entering  password
2022-06-19 17:36:00.319 INFO [main] [org.tms.page.LoginPage] - Clicking the sing in button
2022-06-19 17:36:01.535 INFO [main] [org.tms.page.MyAccountPage] - Clicking the currency list
2022-06-19 17:36:01.613 INFO [main] [org.tms.page.MyAccountPage] - Clicking on the currency select
2022-06-19 17:36:02.357 INFO [main] [org.tms.page.MyAccountPage] - Clicking button sign out
2022-06-19 17:36:04.460 INFO [main] [org.tms.page.MyAccountPage] - Getting currency received on the top line
======================================== FINISHED TEST changeTheLanguageOnTheWebsiteTest Duration: 5s ========================================
]]></system-out>
    <system-err><![CDATA[Starting ChromeDriver 102.0.5005.61 (0e59bcc00cc4985ce39ad31c150065f159d95ad3-refs/branch-heads/5005@{#819}) on port 39401
Only local connections are allowed.
Please see https://chromedriver.chromium.org/security-considerations for suggestions on keeping ChromeDriver safe.
ChromeDriver was started successfully.
июн 19, 2022 5:35:57 PM org.openqa.selenium.remote.ProtocolHandshake createSession
INFO: Detected dialect: W3C
]]></system-err>
  </testcase>
  <testcase name="changeTheLanguageOnTheWebsiteTest" classname="org.tms.test.ChangeLanguagePageTest" time="5.942">
    <system-out><![CDATA[======================================== STARTING TEST changeTheLanguageOnTheWebsiteTest ========================================
2022-06-19 17:36:09.243 INFO [main] [org.tms.page.LoginPage] - Opening page by URL
2022-06-19 17:36:10.494 INFO [main] [org.tms.page.LoginPage] - Entering email address
2022-06-19 17:36:10.732 INFO [main] [org.tms.page.LoginPage] - Entering  password
2022-06-19 17:36:10.939 INFO [main] [org.tms.page.LoginPage] - Clicking the sing in button
2022-06-19 17:36:12.184 INFO [main] [org.tms.page.MyAccountPage] - Clicking the language list
2022-06-19 17:36:12.320 INFO [main] [org.tms.page.MyAccountPage] - Clicking on the language select
2022-06-19 17:36:13.883 INFO [main] [org.tms.page.MyAccountPage] - Clicking button sign out
2022-06-19 17:36:15.056 INFO [main] [org.tms.page.MyAccountPage] - Getting language received on the top line
======================================== FINISHED TEST changeTheLanguageOnTheWebsiteTest Duration: 5s ========================================
]]></system-out>
    <system-err><![CDATA[Starting ChromeDriver 102.0.5005.61 (0e59bcc00cc4985ce39ad31c150065f159d95ad3-refs/branch-heads/5005@{#819}) on port 3216
Only local connections are allowed.
Please see https://chromedriver.chromium.org/security-considerations for suggestions on keeping ChromeDriver safe.
ChromeDriver was started successfully.
июн 19, 2022 5:36:08 PM org.openqa.selenium.remote.ProtocolHandshake createSession
INFO: Detected dialect: W3C
]]></system-err>
  </testcase>
  <testcase name="checkoutOrderTest" classname="org.tms.test.CheckoutOrderPageTest" time="12.905">
    <failure message="no such element: Unable to locate element: {&quot;method&quot;:&quot;xpath&quot;,&quot;selector&quot;:&quot;//button[@name=&apos;processCarrier&apos;]&quot;}&#10;  (Session info: chrome=102.0.5005.115)&#10;For documentation on this error, please visit: https://www.seleniumhq.org/exceptions/no_such_element.html&#10;Build info: version: &apos;3.141.59&apos;, revision: &apos;e82be7d358&apos;, time: &apos;2018-11-14T08:17:03&apos;&#10;System info: host: &apos;WIN-L3KRA4BUOOR&apos;, ip: &apos;192.168.0.103&apos;, os.name: &apos;Windows 7&apos;, os.arch: &apos;amd64&apos;, os.version: &apos;6.1&apos;, java.version: &apos;1.8.0_333&apos;&#10;Driver info: org.openqa.selenium.chrome.ChromeDriver&#10;Capabilities {acceptInsecureCerts: false, browserName: chrome, browserVersion: 102.0.5005.115, chrome: {chromedriverVersion: 102.0.5005.61 (0e59bcc00cc4..., userDataDir: C:\Users\BD18~1\AppData\Loc...}, goog:chromeOptions: {debuggerAddress: localhost:51821}, javascriptEnabled: true, networkConnectionEnabled: false, pageLoadStrategy: normal, platform: WINDOWS, platformName: WINDOWS, proxy: Proxy(), setWindowRect: true, strictFileInteractability: false, timeouts: {implicit: 0, pageLoad: 300000, script: 30000}, unhandledPromptBehavior: dismiss and notify, webauthn:extension:credBlob: true, webauthn:extension:largeBlob: true, webauthn:virtualAuthenticators: true}&#10;Session ID: fe808ef0aa9475540f6336b50cd6616c&#10;*** Element info: {Using=xpath, value=//button[@name=&apos;processCarrier&apos;]}" type="org.openqa.selenium.NoSuchElementException"><![CDATA[org.openqa.selenium.NoSuchElementException: 
no such element: Unable to locate element: {"method":"xpath","selector":"//button[@name='processCarrier']"}
  (Session info: chrome=102.0.5005.115)
For documentation on this error, please visit: https://www.seleniumhq.org/exceptions/no_such_element.html
Build info: version: '3.141.59', revision: 'e82be7d358', time: '2018-11-14T08:17:03'
System info: host: 'WIN-L3KRA4BUOOR', ip: '192.168.0.103', os.name: 'Windows 7', os.arch: 'amd64', os.version: '6.1', java.version: '1.8.0_333'
Driver info: org.openqa.selenium.chrome.ChromeDriver
Capabilities {acceptInsecureCerts: false, browserName: chrome, browserVersion: 102.0.5005.115, chrome: {chromedriverVersion: 102.0.5005.61 (0e59bcc00cc4..., userDataDir: C:\Users\BD18~1\AppData\Loc...}, goog:chromeOptions: {debuggerAddress: localhost:51821}, javascriptEnabled: true, networkConnectionEnabled: false, pageLoadStrategy: normal, platform: WINDOWS, platformName: WINDOWS, proxy: Proxy(), setWindowRect: true, strictFileInteractability: false, timeouts: {implicit: 0, pageLoad: 300000, script: 30000}, unhandledPromptBehavior: dismiss and notify, webauthn:extension:credBlob: true, webauthn:extension:largeBlob: true, webauthn:virtualAuthenticators: true}
Session ID: fe808ef0aa9475540f6336b50cd6616c
*** Element info: {Using=xpath, value=//button[@name='processCarrier']}
	at org.tms.test.CheckoutOrderPageTest.checkoutOrderTest(CheckoutOrderPageTest.java:21)
]]></failure>
    <system-out><![CDATA[======================================== STARTING TEST checkoutOrderTest ========================================
2022-06-19 17:36:19.959 INFO [main] [org.tms.page.LoginPage] - Opening page by URL
2022-06-19 17:36:21.348 INFO [main] [org.tms.page.LoginPage] - Entering email address
2022-06-19 17:36:21.599 INFO [main] [org.tms.page.LoginPage] - Entering  password
2022-06-19 17:36:21.791 INFO [main] [org.tms.page.LoginPage] - Clicking the sing in button
2022-06-19 17:36:23.400 INFO [main] [org.tms.page.AddressPage] - Open address page by URL
2022-06-19 17:36:24.506 INFO [main] [org.tms.page.AddressPage] - Entering a name
2022-06-19 17:36:24.729 INFO [main] [org.tms.page.AddressPage] - Entering a last name
2022-06-19 17:36:24.941 INFO [main] [org.tms.page.AddressPage] - Entering an address
2022-06-19 17:36:25.107 INFO [main] [org.tms.page.AddressPage] - Entering a zip code
2022-06-19 17:36:25.321 INFO [main] [org.tms.page.AddressPage] - Entering a name of the city
2022-06-19 17:36:25.501 INFO [main] [org.tms.page.AddressPage] - Choosing a country
2022-06-19 17:36:25.853 INFO [main] [org.tms.page.AddressPage] - Entering a home phone
2022-06-19 17:36:26.084 INFO [main] [org.tms.page.AddressPage] - Choosing a state
2022-06-19 17:36:26.363 INFO [main] [org.tms.page.AddressPage] - Entering a title of address
2022-06-19 17:36:26.513 INFO [main] [org.tms.page.AddressPage] - Clicking on the save button
2022-06-19 17:36:27.668 INFO [main] [org.tms.page.MyAccountPage] - Clicking button title Women
2022-06-19 17:36:29.334 INFO [main] [org.tms.page.WomenPage] - Clicking on the add to the cart button
2022-06-19 17:36:29.749 INFO [main] [org.tms.page.WomenPage] - Clicking on the continue to shopping button
2022-06-19 17:36:30.413 INFO [main] [org.tms.page.WomenPage] - Clicking on the cart button
2022-06-19 17:36:31.444 INFO [main] [org.tms.page.CartPage] - Clicking on the proceed to checkout button
2022-06-19 17:36:32.536 INFO [main] [org.tms.page.CheckoutOrderPage] - Clicking on the proceed to checkout button
======================================== FAILED TEST checkoutOrderTest Duration: 12s ========================================
]]></system-out>
    <system-err><![CDATA[Starting ChromeDriver 102.0.5005.61 (0e59bcc00cc4985ce39ad31c150065f159d95ad3-refs/branch-heads/5005@{#819}) on port 24973
Only local connections are allowed.
Please see https://chromedriver.chromium.org/security-considerations for suggestions on keeping ChromeDriver safe.
ChromeDriver was started successfully.
июн 19, 2022 5:36:19 PM org.openqa.selenium.remote.ProtocolHandshake createSession
INFO: Detected dialect: W3C
]]></system-err>
  </testcase>
  <testcase name="createAccountTest" classname="org.tms.test.CreateAccountTest" time="22.813">
    <failure message="Expected condition failed: waiting for element to be clickable: Proxy element for: DefaultElementLocator &apos;By.xpath: //input[@id=&apos;id_gender2&apos;]&apos; (tried for 20 second(s) with 500 milliseconds interval)" type="org.openqa.selenium.TimeoutException"><![CDATA[org.openqa.selenium.TimeoutException: Expected condition failed: waiting for element to be clickable: Proxy element for: DefaultElementLocator 'By.xpath: //input[@id='id_gender2']' (tried for 20 second(s) with 500 milliseconds interval)
	at org.tms.test.CreateAccountTest.createAccountTest(CreateAccountTest.java:20)
Caused by: org.openqa.selenium.NoSuchElementException: 
no such element: Unable to locate element: {"method":"xpath","selector":"//input[@id='id_gender2']"}
  (Session info: chrome=102.0.5005.115)
For documentation on this error, please visit: https://www.seleniumhq.org/exceptions/no_such_element.html
Build info: version: '3.141.59', revision: 'e82be7d358', time: '2018-11-14T08:17:03'
System info: host: 'WIN-L3KRA4BUOOR', ip: '192.168.0.103', os.name: 'Windows 7', os.arch: 'amd64', os.version: '6.1', java.version: '1.8.0_333'
Driver info: org.openqa.selenium.chrome.ChromeDriver
Capabilities {acceptInsecureCerts: false, browserName: chrome, browserVersion: 102.0.5005.115, chrome: {chromedriverVersion: 102.0.5005.61 (0e59bcc00cc4..., userDataDir: C:\Users\BD18~1\AppData\Loc...}, goog:chromeOptions: {debuggerAddress: localhost:51850}, javascriptEnabled: true, networkConnectionEnabled: false, pageLoadStrategy: normal, platform: WINDOWS, platformName: WINDOWS, proxy: Proxy(), setWindowRect: true, strictFileInteractability: false, timeouts: {implicit: 0, pageLoad: 300000, script: 30000}, unhandledPromptBehavior: dismiss and notify, webauthn:extension:credBlob: true, webauthn:extension:largeBlob: true, webauthn:virtualAuthenticators: true}
Session ID: ffec66d8b46248e498212be3bd444e89
*** Element info: {Using=xpath, value=//input[@id='id_gender2']}
	at org.tms.test.CreateAccountTest.createAccountTest(CreateAccountTest.java:20)
]]></failure>
    <system-out><![CDATA[======================================== STARTING TEST createAccountTest ========================================
2022-06-19 17:36:39.078 INFO [main] [org.tms.page.LoginPage] - Opening page by URL
2022-06-19 17:36:40.330 INFO [main] [org.tms.page.LoginPage] - Entering email address to create
2022-06-19 17:36:40.623 INFO [main] [org.tms.page.LoginPage] - Clicking the button create
======================================== FAILED TEST createAccountTest Duration: 22s ========================================
]]></system-out>
    <system-err><![CDATA[Starting ChromeDriver 102.0.5005.61 (0e59bcc00cc4985ce39ad31c150065f159d95ad3-refs/branch-heads/5005@{#819}) on port 13314
Only local connections are allowed.
Please see https://chromedriver.chromium.org/security-considerations for suggestions on keeping ChromeDriver safe.
ChromeDriver was started successfully.
июн 19, 2022 5:36:38 PM org.openqa.selenium.remote.ProtocolHandshake createSession
INFO: Detected dialect: W3C
]]></system-err>
  </testcase>
  <testcase name="loginTest" classname="org.tms.test.LoginPageTest" time="3.178">
    <system-out><![CDATA[======================================== STARTING TEST loginTest ========================================
2022-06-19 17:37:06.074 INFO [main] [org.tms.page.LoginPage] - Opening page by URL
2022-06-19 17:37:07.661 INFO [main] [org.tms.page.LoginPage] - Entering email address
2022-06-19 17:37:07.907 INFO [main] [org.tms.page.LoginPage] - Entering  password
2022-06-19 17:37:08.099 INFO [main] [org.tms.page.LoginPage] - Clicking the sing in button
2022-06-19 17:37:09.204 INFO [main] [org.tms.page.MyAccountPage] - Getting the page name
======================================== FINISHED TEST loginTest Duration: 3s ========================================
]]></system-out>
    <system-err><![CDATA[Starting ChromeDriver 102.0.5005.61 (0e59bcc00cc4985ce39ad31c150065f159d95ad3-refs/branch-heads/5005@{#819}) on port 29675
Only local connections are allowed.
Please see https://chromedriver.chromium.org/security-considerations for suggestions on keeping ChromeDriver safe.
ChromeDriver was started successfully.
июн 19, 2022 5:37:05 PM org.openqa.selenium.remote.ProtocolHandshake createSession
INFO: Detected dialect: W3C
]]></system-err>
  </testcase>
  <testcase name="loginSignOutTest" classname="org.tms.test.LoginSingOutTest" time="4.135">
    <system-out><![CDATA[======================================== STARTING TEST loginSignOutTest ========================================
2022-06-19 17:37:12.599 INFO [main] [org.tms.page.LoginPage] - Opening page by URL
2022-06-19 17:37:13.896 INFO [main] [org.tms.page.LoginPage] - Entering email address
2022-06-19 17:37:14.372 INFO [main] [org.tms.page.LoginPage] - Entering  password
2022-06-19 17:37:14.554 INFO [main] [org.tms.page.LoginPage] - Clicking the sing in button
2022-06-19 17:37:15.532 INFO [main] [org.tms.page.MyAccountPage] - Clicking button sign out
2022-06-19 17:37:16.666 INFO [main] [org.tms.page.LoginPage] - Getting name AuthenticationPage
======================================== FINISHED TEST loginSignOutTest Duration: 4s ========================================
]]></system-out>
    <system-err><![CDATA[Starting ChromeDriver 102.0.5005.61 (0e59bcc00cc4985ce39ad31c150065f159d95ad3-refs/branch-heads/5005@{#819}) on port 5528
Only local connections are allowed.
Please see https://chromedriver.chromium.org/security-considerations for suggestions on keeping ChromeDriver safe.
ChromeDriver was started successfully.
июн 19, 2022 5:37:12 PM org.openqa.selenium.remote.ProtocolHandshake createSession
INFO: Detected dialect: W3C
]]></system-err>
  </testcase>
</testsuite>