<?xml version="1.0" encoding="UTF-8"?>
<!-- Generated by org.testng.reporters.JUnitReportReporter -->
<testsuite skipped="0" hostname="WIN-L3KRA4BUOOR" name="org.tms.test.ChangeCurrencyPageTest" tests="1" failures="0" timestamp="2022-06-15T10:03:24 EEST" time="5.180" errors="0">
  <testcase name="changeTheLanguageOnTheWebsiteTest" time="5.180" classname="org.tms.test.ChangeCurrencyPageTest"/>
</testsuite> <!-- org.tms.test.ChangeCurrencyPageTest -->
