<?xml version="1.0" encoding="UTF-8"?>
<!-- Generated by org.testng.reporters.JUnitReportReporter -->
<testsuite skipped="0" hostname="WIN-L3KRA4BUOOR" name="org.tms.test.AddressPageTest" tests="2" failures="0" timestamp="2022-06-15T10:03:24 EEST" time="17.415" errors="0">
  <testcase name="createAddressTest" time="11.605" classname="org.tms.test.AddressPageTest"/>
  <testcase name="deleteAddressTest" time="5.810" classname="org.tms.test.AddressPageTest"/>
</testsuite> <!-- org.tms.test.AddressPageTest -->
