<?xml version="1.0" encoding="UTF-8"?>
<!-- Generated by org.testng.reporters.JUnitReportReporter -->
<testsuite skipped="0" hostname="WIN-L3KRA4BUOOR" name="org.tms.test.AddressPageTest" tests="2" failures="0" timestamp="2022-06-15T10:22:41 EEST" time="16.733" errors="0">
  <testcase name="deleteAddressTest" time="7.094" classname="org.tms.test.AddressPageTest"/>
  <testcase name="createAddressTest" time="9.639" classname="org.tms.test.AddressPageTest"/>
</testsuite> <!-- org.tms.test.AddressPageTest -->
