<?xml version="1.0" encoding="UTF-8"?>
<!-- Generated by org.testng.reporters.JUnitReportReporter -->
<testsuite skipped="0" hostname="WIN-L3KRA4BUOOR" name="org.tms.test.AddressPageTest" tests="2" failures="0" timestamp="2022-06-15T16:05:13 EEST" time="14.478" errors="0">
  <testcase name="createAddressTest" time="10.109" classname="org.tms.test.AddressPageTest"/>
  <testcase name="deleteAddressTest" time="4.369" classname="org.tms.test.AddressPageTest"/>
</testsuite> <!-- org.tms.test.AddressPageTest -->
