<?xml version="1.0" encoding="UTF-8"?>
<!-- Generated by org.testng.reporters.JUnitReportReporter -->
<testsuite skipped="0" hostname="WIN-L3KRA4BUOOR" name="org.tms.test.LoginPageTest" tests="1" failures="0" timestamp="2022-06-15T16:05:13 EEST" time="3.577" errors="0">
  <testcase name="loginTest" time="3.577" classname="org.tms.test.LoginPageTest"/>
</testsuite> <!-- org.tms.test.LoginPageTest -->
