<?xml version="1.0" encoding="UTF-8"?>
<!-- Generated by org.testng.reporters.JUnitReportReporter -->
<testsuite skipped="0" hostname="WIN-L3KRA4BUOOR" name="org.tms.test.LoginSingOutTest" tests="1" failures="0" timestamp="2022-06-15T10:03:24 EEST" time="4.776" errors="0">
  <testcase name="loginSignOutTest" time="4.776" classname="org.tms.test.LoginSingOutTest"/>
</testsuite> <!-- org.tms.test.LoginSingOutTest -->
